<?xml version="1.0" encoding="UTF-8"?>
<testsuite xmlns:xsi="http://www.w3.org/2001/XMLSchema-instance" xsi:noNamespaceSchemaLocation="https://maven.apache.org/surefire/maven-surefire-plugin/xsd/surefire-test-report-3.0.xsd" version="3.0" name="assign251_3.MemAppenderTest" time="0.171" tests="4" errors="0" skipped="0" failures="0">
  <properties>
[...]
</properties>
  <testcase name="testPrintLogsAndClear" classname="assign251_3.MemAppenderTest" time="0.162">
    <system-out><![CDATA[16:27:56.816 [main] INFO  assign251_3.MemAppenderTest - Print Test 1
Captured log: Print Test 1
16:27:56.818 [main] INFO  assign251_3.MemAppenderTest - Print Test 2
Captured log: Print Test 2
[INFO] assign251_3.MemAppenderTest: Print Test 1

[INFO] assign251_3.MemAppenderTest: Print Test 2

]]></system-out>
  </testcase>
  <testcase name="testDiscardingOldLogs" classname="assign251_3.MemAppenderTest" time="0.003">
    <system-out><![CDATA[16:27:56.821 [main] INFO  assign251_3.MemAppenderTest - Message 1
Captured log: Message 1
16:27:56.822 [main] INFO  assign251_3.MemAppenderTest - Message 2
Captured log: Message 2
16:27:56.822 [main] INFO  assign251_3.MemAppenderTest - Message 3
Captured log: Message 3
16:27:56.822 [main] INFO  assign251_3.MemAppenderTest - Message 4
Captured log: Message 4
]]></system-out>
  </testcase>
  <testcase name="testGetEventStrings" classname="assign251_3.MemAppenderTest" time="0.001">
    <system-out><![CDATA[16:27:56.824 [main] INFO  assign251_3.MemAppenderTest - String Test 1
Captured log: String Test 1
16:27:56.824 [main] INFO  assign251_3.MemAppenderTest - String Test 2
Captured log: String Test 2
]]></system-out>
  </testcase>
  <testcase name="testLogCapture" classname="assign251_3.MemAppenderTest" time="0.001">
    <system-out><![CDATA[16:27:56.825 [main] INFO  assign251_3.MemAppenderTest - First message
Captured log: First message
16:27:56.825 [main] INFO  assign251_3.MemAppenderTest - Second message
Captured log: Second message
16:27:56.826 [main] INFO  assign251_3.MemAppenderTest - Third message
Captured log: Third message
Number of captured events: 3
]]></system-out>
  </testcase>
</testsuite>